2025-07-09 11:17:48,686 INFO [main] org.example.biz.TrafficTest [StartupInfoLogger.java : 55] Starting TrafficTest using Java 11.0.27 on dddd with PID 115224 (started by 豆凯威 in C:\Users\豆凯威\Documents\xdProject\dclass\dclass-account)
2025-07-09 11:17:48,692 INFO [main] org.example.biz.TrafficTest [SpringApplication.java : 659] No active profile set, falling back to default profiles: default
2025-07-09 11:17:53,347 INFO [main] o.s.d.r.c.RepositoryConfigurationDelegate [RepositoryConfigurationDelegate.java : 262] Multiple Spring Data modules found, entering strict repository configuration mode!
2025-07-09 11:17:53,361 INFO [main] o.s.d.r.c.RepositoryConfigurationDelegate [RepositoryConfigurationDelegate.java : 132] Bootstrapping Spring Data Redis repositories in DEFAULT mode.
2025-07-09 11:17:53,566 INFO [main] o.s.d.r.c.RepositoryConfigurationDelegate [RepositoryConfigurationDelegate.java : 201] Finished Spring Data repository scanning in 105 ms. Found 0 Redis repository interfaces.
2025-07-09 11:17:54,843 INFO [main] o.s.cloud.context.scope.GenericScope [GenericScope.java : 283] BeanFactory id=becf11ce-2bae-32d4-855b-2deed993ba50
2025-07-09 11:17:57,774 INFO [main] o.s.c.s.PostProcessorRegistrationDelegate$BeanPostProcessorChecker [PostProcessorRegistrationDelegate.java : 376] Bean 'spring.cloud.sentinel-com.alibaba.cloud.sentinel.SentinelProperties' of type [com.alibaba.cloud.sentinel.SentinelProperties] is not eligible for getting processed by all BeanPostProcessors (for example: not eligible for auto-proxying)
2025-07-09 11:17:57,780 INFO [main] o.s.c.s.PostProcessorRegistrationDelegate$BeanPostProcessorChecker [PostProcessorRegistrationDelegate.java : 376] Bean 'com.alibaba.cloud.sentinel.custom.SentinelAutoConfiguration' of type [com.alibaba.cloud.sentinel.custom.SentinelAutoConfiguration] is not eligible for getting processed by all BeanPostProcessors (for example: not eligible for auto-proxying)
2025-07-09 11:18:00,270 INFO [main] o.e.config.SnowFlakeWordIdConfig [SnowFlakeWordIdConfig.java : 23] 生成的Snowflake workerId: 60
2025-07-09 11:18:04,211 INFO [main] com.zaxxer.hikari.HikariDataSource [HikariDataSource.java : 110] HikariPool-1 - Starting...
2025-07-09 11:18:04,804 INFO [main] com.zaxxer.hikari.HikariDataSource [HikariDataSource.java : 123] HikariPool-1 - Start completed.
2025-07-09 11:18:05,005 INFO [main] o.a.s.core.log.ConfigurationLogger [ConfigurationLogger.java : 104] ShardingRuleConfiguration:
defaultDatabaseStrategy:
  inline:
    algorithmExpression: ds0
    shardingColumn: none
defaultKeyGenerator:
  column: id
  props:
    worker.id: '60'
  type: SNOWFLAKE
tables:
  traffic:
    actualDataNodes: ds0.traffic_$->{0..1}
    logicTable: traffic
    tableStrategy:
      inline:
        algorithmExpression: traffic_$->{account_no % 2}
        shardingColumn: account_no

2025-07-09 11:18:05,010 INFO [main] o.a.s.core.log.ConfigurationLogger [ConfigurationLogger.java : 104] Properties:
{}

2025-07-09 11:18:05,078 INFO [main] ShardingSphere-metadata [ShardingMetaDataLoader.java : 131] Loading 1 logic tables' meta data.
2025-07-09 11:18:05,241 INFO [main] ShardingSphere-metadata [SchemaMetaDataLoader.java : 70] Loading 5 tables' meta data.
2025-07-09 11:18:05,645 INFO [main] ShardingSphere-metadata [MultipleDataSourcesRuntimeContext.java : 59] Meta data load finished, cost 635 milliseconds.
2025-07-09 11:18:11,661 INFO [main] o.s.c.o.FeignClientFactoryBean [FeignClientFactoryBean.java : 412] For 'dclass-shop' URL not provided. Will try picking an instance via load-balancing.
2025-07-09 11:18:12,463 INFO [main] org.example.config.XxlJobConfig [XxlJobConfig.java : 39] 》》》》》》dclass xxl job 配置初始化
2025-07-09 11:18:13,347 INFO [main] org.redisson.Version [Version.java : 41] Redisson 3.10.1
2025-07-09 11:18:17,542 INFO [redisson-netty-1-11] o.r.c.p.MasterPubSubConnectionPool [ConnectionPool.java : 169] 1 connections initialized for 106.14.156.6/106.14.156.6:6480
2025-07-09 11:18:17,555 INFO [redisson-netty-1-4] o.r.c.pool.MasterConnectionPool [ConnectionPool.java : 169] 32 connections initialized for 106.14.156.6/106.14.156.6:6480
2025-07-09 11:18:20,924 INFO [main] c.a.c.s.SentinelWebAutoConfiguration [SentinelWebAutoConfiguration.java : 80] [Sentinel Starter] register SentinelWebInterceptor with urlPatterns: [/**].
2025-07-09 11:18:29,953 WARN [main] o.s.c.l.c.LoadBalancerCacheAutoConfiguration$LoadBalancerCaffeineWarnLogger [LoadBalancerCacheAutoConfiguration.java : 82] Spring Cloud LoadBalancer is currently working with the default cache. You can switch to using Caffeine cache, by adding it and org.springframework.cache.caffeine.CaffeineCacheManager to the classpath.
2025-07-09 11:18:30,010 INFO [main] c.x.job.core.executor.XxlJobExecutor [XxlJobExecutor.java : 178] >>>>>>>>>>> xxl-job register jobhandler success, name:TrafficExpiredHandler, jobHandler:com.xxl.job.core.handler.impl.MethodJobHandler@64648af1[class org.example.job.TrafficjobHandler#execute]
2025-07-09 11:18:30,169 WARN [main] c.x.job.core.executor.XxlJobExecutor [XxlJobExecutor.java : 152] >>>>>>>>>>> xxl-job accessToken is empty. To ensure system security, please set the accessToken.
2025-07-09 11:18:30,428 INFO [Thread-10] com.xxl.job.core.server.EmbedServer [EmbedServer.java : 86] >>>>>>>>>>> xxl-job remoting server start success, nettype = class com.xxl.job.core.server.EmbedServer, port = 9999
2025-07-09 11:18:30,950 INFO [main] o.s.a.r.c.CachingConnectionFactory [AbstractConnectionFactory.java : 638] Attempting to connect to: [106.14.156.6:5672]
2025-07-09 11:18:31,221 INFO [main] o.s.a.r.c.CachingConnectionFactory [AbstractConnectionFactory.java : 589] Created new connection: rabbitConnectionFactory#778c2e7c:0/SimpleConnection@3986b56 [delegate=amqp://admin@106.14.156.6:5672/dev, localPort= 56603]
2025-07-09 11:18:31,544 INFO [main] org.example.biz.TrafficTest [StartupInfoLogger.java : 61] Started TrafficTest in 48.507 seconds (JVM running for 54.059)
2025-07-09 11:18:34,682 INFO [main] o.e.service.impl.TrafficServiceImpl [TrafficServiceImpl.java : 160] 删除过期；流量包行数：1
2025-07-09 11:18:34,709 WARN [Thread-17] c.a.nacos.common.notify.NotifyCenter [NotifyCenter.java : 145] [NotifyCenter] Start destroying Publisher
2025-07-09 11:18:34,712 WARN [Thread-17] c.a.nacos.common.notify.NotifyCenter [NotifyCenter.java : 162] [NotifyCenter] Destruction of the end
2025-07-09 11:18:34,719 WARN [Thread-3] c.a.n.c.http.HttpClientBeanHolder [HttpClientBeanHolder.java : 108] [HttpClientBeanHolder] Start destroying common HttpClient
2025-07-09 11:18:34,725 WARN [Thread-3] c.a.n.c.http.HttpClientBeanHolder [HttpClientBeanHolder.java : 114] [HttpClientBeanHolder] Destruction of the end
2025-07-09 11:18:34,753 INFO [SpringApplicationShutdownHook] o.s.a.r.l.SimpleMessageListenerContainer [SimpleMessageListenerContainer.java : 634] Waiting for workers to finish.
2025-07-09 11:18:35,569 INFO [SpringApplicationShutdownHook] o.s.a.r.l.SimpleMessageListenerContainer [SimpleMessageListenerContainer.java : 637] Successfully waited for workers to finish.
2025-07-09 11:18:41,144 INFO [Thread-10] com.xxl.job.core.server.EmbedServer [EmbedServer.java : 96] >>>>>>>>>>> xxl-job remoting server stop.
2025-07-09 11:18:41,177 INFO [xxl-job, executor ExecutorRegistryThread] c.x.j.c.t.ExecutorRegistryThread [ExecutorRegistryThread.java : 87] >>>>>>>>>>> xxl-job registry-remove success, registryParam:RegistryParam{registryGroup='EXECUTOR', registryKey='traffic-app-executor', registryValue='http://150.223.232.24:9999/'}, registryResult:ReturnT [code=200, msg=null, content=null]
2025-07-09 11:18:41,178 INFO [xxl-job, executor ExecutorRegistryThread] c.x.j.c.t.ExecutorRegistryThread [ExecutorRegistryThread.java : 105] >>>>>>>>>>> xxl-job, executor registry thread destory.
2025-07-09 11:18:41,178 INFO [SpringApplicationShutdownHook] com.xxl.job.core.server.EmbedServer [EmbedServer.java : 125] >>>>>>>>>>> xxl-job remoting server destroy success.
2025-07-09 11:18:41,179 INFO [xxl-job, executor JobLogFileCleanThread] c.x.j.c.thread.JobLogFileCleanThread [JobLogFileCleanThread.java : 99] >>>>>>>>>>> xxl-job, executor JobLogFileCleanThread thread destory.
2025-07-09 11:18:41,181 INFO [xxl-job, executor TriggerCallbackThread] c.x.j.c.thread.TriggerCallbackThread [TriggerCallbackThread.java : 98] >>>>>>>>>>> xxl-job, executor callback thread destory.
2025-07-09 11:18:41,182 INFO [Thread-9] c.x.j.c.thread.TriggerCallbackThread [TriggerCallbackThread.java : 128] >>>>>>>>>>> xxl-job, executor retry callback thread destory.
2025-07-09 11:18:44,325 INFO [SpringApplicationShutdownHook] com.zaxxer.hikari.HikariDataSource [HikariDataSource.java : 350] HikariPool-1 - Shutdown initiated...
2025-07-09 11:18:44,359 INFO [SpringApplicationShutdownHook] com.zaxxer.hikari.HikariDataSource [HikariDataSource.java : 352] HikariPool-1 - Shutdown completed.
