2025-08-05 14:57:20,510 INFO [main] org.example.AccountApplication [StartupInfoLogger.java : 55] Starting AccountApplication using Java 11.0.27 on dddd with PID 54224 (C:\Users\豆凯威\Documents\xdProject\dclass\dclass-account\target\classes started by 豆凯威 in C:\Users\豆凯威\Documents\xdProject\dclass)
2025-08-05 14:57:20,615 INFO [main] org.example.AccountApplication [SpringApplication.java : 659] No active profile set, falling back to default profiles: default
2025-08-05 14:57:26,974 INFO [main] o.s.d.r.c.RepositoryConfigurationDelegate [RepositoryConfigurationDelegate.java : 262] Multiple Spring Data modules found, entering strict repository configuration mode!
2025-08-05 14:57:26,991 INFO [main] o.s.d.r.c.RepositoryConfigurationDelegate [RepositoryConfigurationDelegate.java : 132] Bootstrapping Spring Data Redis repositories in DEFAULT mode.
2025-08-05 14:57:27,312 INFO [main] o.s.d.r.c.RepositoryConfigurationDelegate [RepositoryConfigurationDelegate.java : 201] Finished Spring Data repository scanning in 182 ms. Found 0 Redis repository interfaces.
2025-08-05 14:57:29,067 INFO [main] o.s.cloud.context.scope.GenericScope [GenericScope.java : 283] BeanFactory id=d031f595-5a51-37f3-98f2-194d920744de
2025-08-05 14:57:30,984 INFO [main] o.s.c.s.PostProcessorRegistrationDelegate$BeanPostProcessorChecker [PostProcessorRegistrationDelegate.java : 376] Bean 'spring.cloud.sentinel-com.alibaba.cloud.sentinel.SentinelProperties' of type [com.alibaba.cloud.sentinel.SentinelProperties] is not eligible for getting processed by all BeanPostProcessors (for example: not eligible for auto-proxying)
2025-08-05 14:57:30,994 INFO [main] o.s.c.s.PostProcessorRegistrationDelegate$BeanPostProcessorChecker [PostProcessorRegistrationDelegate.java : 376] Bean 'com.alibaba.cloud.sentinel.custom.SentinelAutoConfiguration' of type [com.alibaba.cloud.sentinel.custom.SentinelAutoConfiguration] is not eligible for getting processed by all BeanPostProcessors (for example: not eligible for auto-proxying)
2025-08-05 14:57:34,392 INFO [main] o.s.b.w.e.tomcat.TomcatWebServer [TomcatWebServer.java : 108] Tomcat initialized with port(s): 8001 (http)
2025-08-05 14:57:34,614 INFO [main] o.a.coyote.http11.Http11NioProtocol [DirectJDKLog.java : 173] Initializing ProtocolHandler ["http-nio-8001"]
2025-08-05 14:57:34,626 INFO [main] o.a.catalina.core.StandardService [DirectJDKLog.java : 173] Starting service [Tomcat]
2025-08-05 14:57:34,627 INFO [main] o.a.catalina.core.StandardEngine [DirectJDKLog.java : 173] Starting Servlet engine: [Apache Tomcat/9.0.53]
2025-08-05 14:57:36,489 INFO [main] o.a.c.c.C.[Tomcat].[localhost].[/] [DirectJDKLog.java : 173] Initializing Spring embedded WebApplicationContext
2025-08-05 14:57:36,495 INFO [main] o.s.b.w.s.c.ServletWebServerApplicationContext [ServletWebServerApplicationContext.java : 290] Root WebApplicationContext: initialization completed in 14299 ms
2025-08-05 14:57:40,265 INFO [main] o.e.config.SnowFlakeWordIdConfig [SnowFlakeWordIdConfig.java : 23] 生成的Snowflake workerId: 91
2025-08-05 14:57:44,478 INFO [main] com.zaxxer.hikari.HikariDataSource [HikariDataSource.java : 110] HikariPool-1 - Starting...
2025-08-05 14:57:45,680 INFO [main] com.zaxxer.hikari.HikariDataSource [HikariDataSource.java : 123] HikariPool-1 - Start completed.
2025-08-05 14:57:46,365 INFO [main] o.a.s.core.log.ConfigurationLogger [ConfigurationLogger.java : 104] ShardingRuleConfiguration:
defaultDatabaseStrategy:
  inline:
    algorithmExpression: ds0
    shardingColumn: none
defaultKeyGenerator:
  column: id
  props:
    worker.id: '91'
  type: SNOWFLAKE
tables:
  traffic:
    actualDataNodes: ds0.traffic_$->{0..1}
    logicTable: traffic
    tableStrategy:
      inline:
        algorithmExpression: traffic_$->{account_no % 2}
        shardingColumn: account_no

2025-08-05 14:57:46,370 INFO [main] o.a.s.core.log.ConfigurationLogger [ConfigurationLogger.java : 104] Properties:
{}

2025-08-05 14:57:46,462 INFO [main] ShardingSphere-metadata [ShardingMetaDataLoader.java : 131] Loading 1 logic tables' meta data.
2025-08-05 14:57:46,742 INFO [main] ShardingSphere-metadata [SchemaMetaDataLoader.java : 70] Loading 5 tables' meta data.
2025-08-05 14:57:47,395 INFO [main] ShardingSphere-metadata [MultipleDataSourcesRuntimeContext.java : 59] Meta data load finished, cost 1025 milliseconds.
2025-08-05 14:57:57,636 INFO [main] o.s.c.o.FeignClientFactoryBean [FeignClientFactoryBean.java : 412] For 'dclass-shop' URL not provided. Will try picking an instance via load-balancing.
2025-08-05 14:57:57,967 INFO [main] o.s.c.o.FeignClientFactoryBean [FeignClientFactoryBean.java : 412] For 'dclass-link' URL not provided. Will try picking an instance via load-balancing.
2025-08-05 14:57:58,388 INFO [main] org.example.config.XxlJobConfig [XxlJobConfig.java : 39] 》》》》》》dclass xxl job 配置初始化
2025-08-05 14:57:59,070 INFO [main] org.redisson.Version [Version.java : 41] Redisson 3.10.1
2025-08-05 14:58:09,870 INFO [redisson-netty-1-3] o.r.c.p.MasterPubSubConnectionPool [ConnectionPool.java : 169] 1 connections initialized for 106.14.156.6/106.14.156.6:6480
2025-08-05 14:58:09,876 INFO [redisson-netty-1-4] o.r.c.pool.MasterConnectionPool [ConnectionPool.java : 169] 32 connections initialized for 106.14.156.6/106.14.156.6:6480
2025-08-05 14:58:11,356 INFO [main] c.a.c.s.SentinelWebAutoConfiguration [SentinelWebAutoConfiguration.java : 80] [Sentinel Starter] register SentinelWebInterceptor with urlPatterns: [/**].
2025-08-05 14:58:21,019 WARN [main] o.s.c.l.c.LoadBalancerCacheAutoConfiguration$LoadBalancerCaffeineWarnLogger [LoadBalancerCacheAutoConfiguration.java : 82] Spring Cloud LoadBalancer is currently working with the default cache. You can switch to using Caffeine cache, by adding it and org.springframework.cache.caffeine.CaffeineCacheManager to the classpath.
2025-08-05 14:58:21,091 INFO [main] c.x.job.core.executor.XxlJobExecutor [XxlJobExecutor.java : 178] >>>>>>>>>>> xxl-job register jobhandler success, name:TrafficExpiredHandler, jobHandler:com.xxl.job.core.handler.impl.MethodJobHandler@2c989d82[class org.example.job.TrafficjobHandler#execute]
2025-08-05 14:58:21,303 WARN [main] c.x.job.core.executor.XxlJobExecutor [XxlJobExecutor.java : 152] >>>>>>>>>>> xxl-job accessToken is empty. To ensure system security, please set the accessToken.
2025-08-05 14:58:21,415 INFO [Thread-10] com.xxl.job.core.server.EmbedServer [EmbedServer.java : 86] >>>>>>>>>>> xxl-job remoting server start success, nettype = class com.xxl.job.core.server.EmbedServer, port = 9999
2025-08-05 14:58:21,552 INFO [xxl-job, executor ExecutorRegistryThread] c.x.j.c.t.ExecutorRegistryThread [ExecutorRegistryThread.java : 54] >>>>>>>>>>> xxl-job registry fail, registryParam:RegistryParam{registryGroup='EXECUTOR', registryKey='traffic-app-executor', registryValue='http://150.223.232.34:9999/'}, registryResult:ReturnT [code=500, msg=xxl-rpc remoting fail, StatusCode(404) invalid. for url : http://106.14.156.6:8081/xxl-job-admin/api/registry, content=null]
2025-08-05 14:58:22,399 INFO [main] o.a.coyote.http11.Http11NioProtocol [DirectJDKLog.java : 173] Starting ProtocolHandler ["http-nio-8001"]
2025-08-05 14:58:22,440 INFO [main] o.s.b.w.e.tomcat.TomcatWebServer [TomcatWebServer.java : 220] Tomcat started on port(s): 8001 (http) with context path ''
2025-08-05 14:58:22,476 INFO [main] c.a.c.n.r.NacosServiceRegistry [NacosServiceRegistry.java : 75] nacos registry, DEFAULT_GROUP dclass-account 150.223.232.34:8001 register finished
2025-08-05 14:58:25,377 INFO [main] o.s.a.r.c.CachingConnectionFactory [AbstractConnectionFactory.java : 638] Attempting to connect to: [106.14.156.6:5672]
2025-08-05 14:58:25,761 INFO [main] o.s.a.r.c.CachingConnectionFactory [AbstractConnectionFactory.java : 589] Created new connection: rabbitConnectionFactory#77e9dca8:0/SimpleConnection@64c1a76e [delegate=amqp://admin@106.14.156.6:5672/dev, localPort= 20293]
2025-08-05 14:58:26,356 INFO [main] org.example.AccountApplication [StartupInfoLogger.java : 61] Started AccountApplication in 74.228 seconds (JVM running for 78.753)
2025-08-05 14:58:51,605 INFO [xxl-job, executor ExecutorRegistryThread] c.x.j.c.t.ExecutorRegistryThread [ExecutorRegistryThread.java : 54] >>>>>>>>>>> xxl-job registry fail, registryParam:RegistryParam{registryGroup='EXECUTOR', registryKey='traffic-app-executor', registryValue='http://150.223.232.34:9999/'}, registryResult:ReturnT [code=500, msg=xxl-rpc remoting fail, StatusCode(404) invalid. for url : http://106.14.156.6:8081/xxl-job-admin/api/registry, content=null]
2025-08-05 14:59:03,544 INFO [http-nio-8001-exec-1] o.a.c.c.C.[Tomcat].[localhost].[/] [DirectJDKLog.java : 173] Initializing Spring DispatcherServlet 'dispatcherServlet'
2025-08-05 14:59:03,545 INFO [http-nio-8001-exec-1] o.s.web.servlet.DispatcherServlet [FrameworkServlet.java : 525] Initializing Servlet 'dispatcherServlet'
2025-08-05 14:59:03,550 INFO [http-nio-8001-exec-1] o.s.web.servlet.DispatcherServlet [FrameworkServlet.java : 547] Completed initialization in 4 ms
2025-08-05 14:59:03,910 INFO [http-nio-8001-exec-1] o.e.controller.NotifyController [NotifyController.java : 50] 验证码内容
2025-08-05 14:59:05,376 WARN [http-nio-8001-exec-1] o.a.c.util.SessionIdGeneratorBase [DirectJDKLog.java : 173] Creation of SecureRandom instance for session ID generation using [SHA1PRNG] took [1,455] milliseconds.
